2018-08-10 23:09:55 Error: Class 'app\example\model\User' not found in /var/www/site/ezphptest/app/example/controller/IndexController.php:19
Stack trace:
#0 /var/www/site/ezphptest/ez/core/Application.php(39): app\example\controller\IndexController->index()
#1 /var/www/site/ezphptest/ez/core/Ez.php(98): ez\core\Application->run()
#2 /var/www/site/ezphptest/public/index.php(22): ez\core\Ez::start()
#3 {main}
192.168.19.1
w.ez.cn/

2018-08-10 23:46:54 PDOException: SQLSTATE[HY000] [1045] Access denied for user 'root'@'localhost' (using password: YES) in /var/www/site/ezphptest/ez/core/Medoo.php:241
Stack trace:
#0 /var/www/site/ezphptest/ez/core/Model.php(75): ez\core\Medoo->__construct(Array)
#1 /var/www/site/ezphptest/ez/core/Model.php(158): ez\core\Model::makeMedoo(1)
#2 /var/www/site/ezphptest/app/example/controller/IndexController.php(29): ez\core\Model->__call('insert', Array)
#3 /var/www/site/ezphptest/ez/core/Application.php(39): app\example\controller\IndexController->add()
#4 /var/www/site/ezphptest/ez/core/Ez.php(98): ez\core\Application->run()
#5 /var/www/site/ezphptest/public/index.php(22): ez\core\Ez::start()
#6 {main}
192.168.19.1
w.ez.cn/index.php/example/index/add

2018-08-10 23:50:42 PDOException: SQLSTATE[HY000] [1045] Access denied for user 'root'@'localhost' (using password: YES) in /var/www/site/ezphptest/ez/core/Medoo.php:241
Stack trace:
#0 /var/www/site/ezphptest/ez/core/Model.php(75): ez\core\Medoo->__construct(Array)
#1 /var/www/site/ezphptest/ez/core/Model.php(158): ez\core\Model::makeMedoo(1)
#2 /var/www/site/ezphptest/app/example/controller/IndexController.php(29): ez\core\Model->__call('insert', Array)
#3 /var/www/site/ezphptest/ez/core/Application.php(39): app\example\controller\IndexController->add()
#4 /var/www/site/ezphptest/ez/core/Ez.php(98): ez\core\Application->run()
#5 /var/www/site/ezphptest/public/index.php(22): ez\core\Ez::start()
#6 {main}
192.168.19.1
w.ez.cn/index.php/example/index/add

2018-08-10 23:50:42 PDOException: SQLSTATE[HY000] [1045] Access denied for user 'root'@'localhost' (using password: YES) in /var/www/site/ezphptest/ez/core/Medoo.php:241
Stack trace:
#0 /var/www/site/ezphptest/ez/core/Model.php(75): ez\core\Medoo->__construct(Array)
#1 /var/www/site/ezphptest/ez/core/Model.php(158): ez\core\Model::makeMedoo(1)
#2 /var/www/site/ezphptest/app/example/controller/IndexController.php(29): ez\core\Model->__call('insert', Array)
#3 /var/www/site/ezphptest/ez/core/Application.php(39): app\example\controller\IndexController->add()
#4 /var/www/site/ezphptest/ez/core/Ez.php(98): ez\core\Application->run()
#5 /var/www/site/ezphptest/public/index.php(22): ez\core\Ez::start()
#6 {main}
192.168.19.1
w.ez.cn/index.php/example/index/add

2018-08-10 23:50:44 PDOException: SQLSTATE[HY000] [1045] Access denied for user 'root'@'localhost' (using password: YES) in /var/www/site/ezphptest/ez/core/Medoo.php:241
Stack trace:
#0 /var/www/site/ezphptest/ez/core/Model.php(75): ez\core\Medoo->__construct(Array)
#1 /var/www/site/ezphptest/ez/core/Model.php(158): ez\core\Model::makeMedoo(1)
#2 /var/www/site/ezphptest/app/example/controller/IndexController.php(29): ez\core\Model->__call('insert', Array)
#3 /var/www/site/ezphptest/ez/core/Application.php(39): app\example\controller\IndexController->add()
#4 /var/www/site/ezphptest/ez/core/Ez.php(98): ez\core\Application->run()
#5 /var/www/site/ezphptest/public/index.php(22): ez\core\Ez::start()
#6 {main}
192.168.19.1
w.ez.cn/index.php/example/index/add

2018-08-10 23:50:44 PDOException: SQLSTATE[HY000] [1045] Access denied for user 'root'@'localhost' (using password: YES) in /var/www/site/ezphptest/ez/core/Medoo.php:241
Stack trace:
#0 /var/www/site/ezphptest/ez/core/Model.php(75): ez\core\Medoo->__construct(Array)
#1 /var/www/site/ezphptest/ez/core/Model.php(158): ez\core\Model::makeMedoo(1)
#2 /var/www/site/ezphptest/app/example/controller/IndexController.php(29): ez\core\Model->__call('insert', Array)
#3 /var/www/site/ezphptest/ez/core/Application.php(39): app\example\controller\IndexController->add()
#4 /var/www/site/ezphptest/ez/core/Ez.php(98): ez\core\Application->run()
#5 /var/www/site/ezphptest/public/index.php(22): ez\core\Ez::start()
#6 {main}
192.168.19.1
w.ez.cn/index.php/example/index/add

2018-08-10 23:50:45 PDOException: SQLSTATE[HY000] [1045] Access denied for user 'root'@'localhost' (using password: YES) in /var/www/site/ezphptest/ez/core/Medoo.php:241
Stack trace:
#0 /var/www/site/ezphptest/ez/core/Model.php(75): ez\core\Medoo->__construct(Array)
#1 /var/www/site/ezphptest/ez/core/Model.php(158): ez\core\Model::makeMedoo(1)
#2 /var/www/site/ezphptest/app/example/controller/IndexController.php(29): ez\core\Model->__call('insert', Array)
#3 /var/www/site/ezphptest/ez/core/Application.php(39): app\example\controller\IndexController->add()
#4 /var/www/site/ezphptest/ez/core/Ez.php(98): ez\core\Application->run()
#5 /var/www/site/ezphptest/public/index.php(22): ez\core\Ez::start()
#6 {main}
192.168.19.1
w.ez.cn/index.php/example/index/add

2018-08-10 23:50:45 PDOException: SQLSTATE[HY000] [1045] Access denied for user 'root'@'localhost' (using password: YES) in /var/www/site/ezphptest/ez/core/Medoo.php:241
Stack trace:
#0 /var/www/site/ezphptest/ez/core/Model.php(75): ez\core\Medoo->__construct(Array)
#1 /var/www/site/ezphptest/ez/core/Model.php(158): ez\core\Model::makeMedoo(1)
#2 /var/www/site/ezphptest/app/example/controller/IndexController.php(29): ez\core\Model->__call('insert', Array)
#3 /var/www/site/ezphptest/ez/core/Application.php(39): app\example\controller\IndexController->add()
#4 /var/www/site/ezphptest/ez/core/Ez.php(98): ez\core\Application->run()
#5 /var/www/site/ezphptest/public/index.php(22): ez\core\Ez::start()
#6 {main}
192.168.19.1
w.ez.cn/index.php/example/index/add

2018-08-10 23:50:45 PDOException: SQLSTATE[HY000] [1045] Access denied for user 'root'@'localhost' (using password: YES) in /var/www/site/ezphptest/ez/core/Medoo.php:241
Stack trace:
#0 /var/www/site/ezphptest/ez/core/Model.php(75): ez\core\Medoo->__construct(Array)
#1 /var/www/site/ezphptest/ez/core/Model.php(158): ez\core\Model::makeMedoo(1)
#2 /var/www/site/ezphptest/app/example/controller/IndexController.php(29): ez\core\Model->__call('insert', Array)
#3 /var/www/site/ezphptest/ez/core/Application.php(39): app\example\controller\IndexController->add()
#4 /var/www/site/ezphptest/ez/core/Ez.php(98): ez\core\Application->run()
#5 /var/www/site/ezphptest/public/index.php(22): ez\core\Ez::start()
#6 {main}
192.168.19.1
w.ez.cn/index.php/example/index/add

2018-08-10 23:50:45 PDOException: SQLSTATE[HY000] [1045] Access denied for user 'root'@'localhost' (using password: YES) in /var/www/site/ezphptest/ez/core/Medoo.php:241
Stack trace:
#0 /var/www/site/ezphptest/ez/core/Model.php(75): ez\core\Medoo->__construct(Array)
#1 /var/www/site/ezphptest/ez/core/Model.php(158): ez\core\Model::makeMedoo(1)
#2 /var/www/site/ezphptest/app/example/controller/IndexController.php(29): ez\core\Model->__call('insert', Array)
#3 /var/www/site/ezphptest/ez/core/Application.php(39): app\example\controller\IndexController->add()
#4 /var/www/site/ezphptest/ez/core/Ez.php(98): ez\core\Application->run()
#5 /var/www/site/ezphptest/public/index.php(22): ez\core\Ez::start()
#6 {main}
192.168.19.1
w.ez.cn/index.php/example/index/add

2018-08-10 23:50:45 PDOException: SQLSTATE[HY000] [1045] Access denied for user 'root'@'localhost' (using password: YES) in /var/www/site/ezphptest/ez/core/Medoo.php:241
Stack trace:
#0 /var/www/site/ezphptest/ez/core/Model.php(75): ez\core\Medoo->__construct(Array)
#1 /var/www/site/ezphptest/ez/core/Model.php(158): ez\core\Model::makeMedoo(1)
#2 /var/www/site/ezphptest/app/example/controller/IndexController.php(29): ez\core\Model->__call('insert', Array)
#3 /var/www/site/ezphptest/ez/core/Application.php(39): app\example\controller\IndexController->add()
#4 /var/www/site/ezphptest/ez/core/Ez.php(98): ez\core\Application->run()
#5 /var/www/site/ezphptest/public/index.php(22): ez\core\Ez::start()
#6 {main}
192.168.19.1
w.ez.cn/index.php/example/index/add

2018-08-10 23:55:24 PDOException: SQLSTATE[HY000] [1045] Access denied for user 'root'@'localhost' (using password: YES) in /var/www/site/ezphptest/ez/core/Medoo.php:241
Stack trace:
#0 /var/www/site/ezphptest/ez/core/Model.php(75): ez\core\Medoo->__construct(Array)
#1 /var/www/site/ezphptest/ez/core/Model.php(158): ez\core\Model::makeMedoo(1)
#2 /var/www/site/ezphptest/app/example/controller/IndexController.php(29): ez\core\Model->__call('insert', Array)
#3 /var/www/site/ezphptest/ez/core/Application.php(39): app\example\controller\IndexController->add()
#4 /var/www/site/ezphptest/ez/core/Ez.php(98): ez\core\Application->run()
#5 /var/www/site/ezphptest/public/index.php(22): ez\core\Ez::start()
#6 {main}
192.168.19.1
w.ez.cn/index.php/example/index/add

2018-08-10 23:55:24 PDOException: SQLSTATE[HY000] [1045] Access denied for user 'root'@'localhost' (using password: YES) in /var/www/site/ezphptest/ez/core/Medoo.php:241
Stack trace:
#0 /var/www/site/ezphptest/ez/core/Model.php(75): ez\core\Medoo->__construct(Array)
#1 /var/www/site/ezphptest/ez/core/Model.php(158): ez\core\Model::makeMedoo(1)
#2 /var/www/site/ezphptest/app/example/controller/IndexController.php(29): ez\core\Model->__call('insert', Array)
#3 /var/www/site/ezphptest/ez/core/Application.php(39): app\example\controller\IndexController->add()
#4 /var/www/site/ezphptest/ez/core/Ez.php(98): ez\core\Application->run()
#5 /var/www/site/ezphptest/public/index.php(22): ez\core\Ez::start()
#6 {main}
192.168.19.1
w.ez.cn/index.php/example/index/add

2018-08-10 23:55:25 PDOException: SQLSTATE[HY000] [1045] Access denied for user 'root'@'localhost' (using password: YES) in /var/www/site/ezphptest/ez/core/Medoo.php:241
Stack trace:
#0 /var/www/site/ezphptest/ez/core/Model.php(75): ez\core\Medoo->__construct(Array)
#1 /var/www/site/ezphptest/ez/core/Model.php(158): ez\core\Model::makeMedoo(1)
#2 /var/www/site/ezphptest/app/example/controller/IndexController.php(29): ez\core\Model->__call('insert', Array)
#3 /var/www/site/ezphptest/ez/core/Application.php(39): app\example\controller\IndexController->add()
#4 /var/www/site/ezphptest/ez/core/Ez.php(98): ez\core\Application->run()
#5 /var/www/site/ezphptest/public/index.php(22): ez\core\Ez::start()
#6 {main}
192.168.19.1
w.ez.cn/index.php/example/index/add

2018-08-10 23:55:25 PDOException: SQLSTATE[HY000] [1045] Access denied for user 'root'@'localhost' (using password: YES) in /var/www/site/ezphptest/ez/core/Medoo.php:241
Stack trace:
#0 /var/www/site/ezphptest/ez/core/Model.php(75): ez\core\Medoo->__construct(Array)
#1 /var/www/site/ezphptest/ez/core/Model.php(158): ez\core\Model::makeMedoo(1)
#2 /var/www/site/ezphptest/app/example/controller/IndexController.php(29): ez\core\Model->__call('insert', Array)
#3 /var/www/site/ezphptest/ez/core/Application.php(39): app\example\controller\IndexController->add()
#4 /var/www/site/ezphptest/ez/core/Ez.php(98): ez\core\Application->run()
#5 /var/www/site/ezphptest/public/index.php(22): ez\core\Ez::start()
#6 {main}
192.168.19.1
w.ez.cn/index.php/example/index/add

2018-08-10 23:55:25 PDOException: SQLSTATE[HY000] [1045] Access denied for user 'root'@'localhost' (using password: YES) in /var/www/site/ezphptest/ez/core/Medoo.php:241
Stack trace:
#0 /var/www/site/ezphptest/ez/core/Model.php(75): ez\core\Medoo->__construct(Array)
#1 /var/www/site/ezphptest/ez/core/Model.php(158): ez\core\Model::makeMedoo(1)
#2 /var/www/site/ezphptest/app/example/controller/IndexController.php(29): ez\core\Model->__call('insert', Array)
#3 /var/www/site/ezphptest/ez/core/Application.php(39): app\example\controller\IndexController->add()
#4 /var/www/site/ezphptest/ez/core/Ez.php(98): ez\core\Application->run()
#5 /var/www/site/ezphptest/public/index.php(22): ez\core\Ez::start()
#6 {main}
192.168.19.1
w.ez.cn/index.php/example/index/add

2018-08-10 23:55:54 PDOException: SQLSTATE[HY000] [2002] Connection refused in /var/www/site/ezphptest/ez/core/Medoo.php:241
Stack trace:
#0 /var/www/site/ezphptest/ez/core/Model.php(95): ez\core\Medoo->__construct(Array)
#1 /var/www/site/ezphptest/ez/core/Model.php(175): ez\core\Model::makeMedoo(2)
#2 /var/www/site/ezphptest/app/example/controller/IndexController.php(31): ez\core\Model->__call('select', Array)
#3 /var/www/site/ezphptest/ez/core/Application.php(39): app\example\controller\IndexController->add()
#4 /var/www/site/ezphptest/ez/core/Ez.php(98): ez\core\Application->run()
#5 /var/www/site/ezphptest/public/index.php(22): ez\core\Ez::start()
#6 {main}
192.168.19.1
w.ez.cn/index.php/example/index/add

2018-08-10 23:59:22 PDOException: SQLSTATE[HY000] [2002] Connection refused in /var/www/site/ezphptest/ez/core/Medoo.php:241
Stack trace:
#0 /var/www/site/ezphptest/ez/core/Model.php(95): ez\core\Medoo->__construct(Array)
#1 /var/www/site/ezphptest/ez/core/Model.php(175): ez\core\Model::makeMedoo(2)
#2 /var/www/site/ezphptest/app/example/controller/IndexController.php(31): ez\core\Model->__call('select', Array)
#3 /var/www/site/ezphptest/ez/core/Application.php(39): app\example\controller\IndexController->add()
#4 /var/www/site/ezphptest/ez/core/Ez.php(98): ez\core\Application->run()
#5 /var/www/site/ezphptest/public/index.php(22): ez\core\Ez::start()
#6 {main}
192.168.19.1
w.ez.cn/index.php/example/index/add

