2018-05-02 18:25:12 Exception: not exist Controller index in E:\github\ez\ez\core\Application.php:44
Stack trace:
#0 E:\github\ez\ez\core\Ez.php(98): ez\core\Application->run()
#1 E:\github\ez\public\index.php(22): ez\core\Ez::start()
#2 {main}
2018-05-02 18:26:42 Error: Call to undefined function app\example\controller\dump() in E:\github\ez\app\example\controller\IndexController.php:17
Stack trace:
#0 E:\github\ez\ez\core\Application.php(36): app\example\controller\IndexController->__construct()
#1 E:\github\ez\ez\core\Ez.php(98): ez\core\Application->run()
#2 E:\github\ez\public\index.php(22): ez\core\Ez::start()
#3 {main}
2018-05-02 18:27:03 Error: Call to undefined function app\example\controller\dump() in E:\github\ez\app\example\controller\IndexController.php:25
Stack trace:
#0 E:\github\ez\ez\core\Application.php(39): app\example\controller\IndexController->index()
#1 E:\github\ez\ez\core\Ez.php(98): ez\core\Application->run()
#2 E:\github\ez\public\index.php(22): ez\core\Ez::start()
#3 {main}
2018-05-02 18:27:42 Error: Call to undefined function app\example\controller\dump() in E:\github\ez\app\example\controller\IndexController.php:17
Stack trace:
#0 E:\github\ez\ez\core\Application.php(36): app\example\controller\IndexController->__construct()
#1 E:\github\ez\ez\core\Ez.php(98): ez\core\Application->run()
#2 E:\github\ez\public\index.php(22): ez\core\Ez::start()
#3 {main}
2018-05-02 18:29:28 Error: Class 'example\model\Test' not found in E:\github\ez\app\example\controller\IndexController.php:27
Stack trace:
#0 E:\github\ez\ez\core\Application.php(39): app\example\controller\IndexController->index()
#1 E:\github\ez\ez\core\Ez.php(98): ez\core\Application->run()
#2 E:\github\ez\public\index.php(22): ez\core\Ez::start()
#3 {main}
2018-05-02 18:48:38 ParseError: syntax error, unexpected 'public' (T_PUBLIC) in E:\github\ez\app\example\controller\IndexController.php:19
Stack trace:
#0 [internal function]: ezAutoload('app\\example\\con...')
#1 [internal function]: spl_autoload_call('app\\example\\con...')
#2 E:\github\ez\ez\core\Application.php(35): class_exists('\\app\\example\\co...')
#3 E:\github\ez\ez\core\Ez.php(98): ez\core\Application->run()
#4 E:\github\ez\public\index.php(22): ez\core\Ez::start()
#5 {main}
10.10.10.12
10.10.10.12:8004/

2018-05-02 18:49:14 Exception: not exist Controller \app\iasd\controller\SdfsfsController in E:\github\ez\ez\core\Application.php:44
Stack trace:
#0 E:\github\ez\ez\core\Ez.php(98): ez\core\Application->run()
#1 E:\github\ez\public\index.php(22): ez\core\Ez::start()
#2 {main}
10.10.10.12
10.10.10.12:8004/iasd/sdfsfs/sfsdf

2018-05-02 18:49:24 Exception: not exist Controller \app\iasd\controller\SdfsfsController in E:\github\ez\ez\core\Application.php:44
Stack trace:
#0 E:\github\ez\ez\core\Ez.php(98): ez\core\Application->run()
#1 E:\github\ez\public\index.php(22): ez\core\Ez::start()
#2 {main}
10.10.10.12
10.10.10.12:8004/iasd/sdfsfs/sfsdf.sdf?sfd=sf

2018-05-02 18:52:49 Exception: not exist Controller \app\iasd\controller\SdfsfsController in E:\github\ez\ez\core\Application.php:44
Stack trace:
#0 E:\github\ez\ez\core\Ez.php(98): ez\core\Application->run()
#1 E:\github\ez\public\index.php(22): ez\core\Ez::start()
#2 {main}
10.10.10.12
10.10.10.12:8004/iasd/sdfsfs/sfsdf.sdf?sfd=sf

2018-05-02 18:53:06 Exception: not exist Controller \app\iasd\controller\SdfsfsController in E:\github\ez\ez\core\Application.php:44
Stack trace:
#0 E:\github\ez\ez\core\Ez.php(98): ez\core\Application->run()
#1 E:\github\ez\public\index.php(22): ez\core\Ez::start()
#2 {main}
10.10.10.12
10.10.10.12:8004/iasd/sdfsfs/sfsdf.sdf?sfd=sf

2018-05-02 18:53:36 Exception: not exist Controller \app\iasd\controller\SdfsfsController in E:\github\ez\ez\core\Application.php:44
Stack trace:
#0 E:\github\ez\ez\core\Ez.php(98): ez\core\Application->run()
#1 E:\github\ez\public\index.php(22): ez\core\Ez::start()
#2 {main}
10.10.10.12
10.10.10.12:8004/iasd/sdfsfs/sfsdf.sdf?sfd=sf

2018-05-02 18:54:19 Exception: not exist Controller \app\iasd\controller\SdfsfsController in E:\github\ez\ez\core\Application.php:44
Stack trace:
#0 E:\github\ez\ez\core\Ez.php(98): ez\core\Application->run()
#1 E:\github\ez\public\index.php(22): ez\core\Ez::start()
#2 {main}
10.10.10.12
10.10.10.12:8004/iasd/sdfsfs/sfsdf.sdf?sfd=sf

2018-05-02 18:56:31 Exception: not exist Controller \app\iasd\controller\SdfsfsController in E:\github\ez\ez\core\Application.php:44
Stack trace:
#0 E:\github\ez\ez\core\Ez.php(98): ez\core\Application->run()
#1 E:\github\ez\public\index.php(22): ez\core\Ez::start()
#2 {main}
10.10.10.12
10.10.10.12:8004/iasd/sdfsfs/sfsdf.sdf?sfd=sf

2018-05-02 18:56:44 Exception: not exist Controller \app\iasd\controller\SdfsfsController in E:\github\ez\ez\core\Application.php:44
Stack trace:
#0 E:\github\ez\ez\core\Ez.php(98): ez\core\Application->run()
#1 E:\github\ez\public\index.php(22): ez\core\Ez::start()
#2 {main}
10.10.10.12
10.10.10.12:8004/iasd/sdfsfs/sfsdf.sdf?sfd=sf

2018-05-02 18:56:50 Exception: not exist Controller \app\sssssss\controller\SdfsfsController in E:\github\ez\ez\core\Application.php:44
Stack trace:
#0 E:\github\ez\ez\core\Ez.php(98): ez\core\Application->run()
#1 E:\github\ez\public\index.php(22): ez\core\Ez::start()
#2 {main}
10.10.10.12
10.10.10.12:8004/sssssss/sdfsfs/sfsdf.sdf?sfd=sf

